2025-05-07T16:15:06.766+03:00  INFO 1248 --- [WebChat] [main] my.chat.webchat.WebChatApplication       : Starting WebChatApplication using Java 21.0.5 with PID 1248 (C:\Users\setch\IdeaProjects\Stagirovka\WebChat\target\classes started by sechin in C:\Users\setch\IdeaProjects\Stagirovka\WebChat)
2025-05-07T16:15:06.768+03:00 DEBUG 1248 --- [WebChat] [main] my.chat.webchat.WebChatApplication       : Running with Spring Boot v3.4.4, Spring v6.2.5
2025-05-07T16:15:06.769+03:00  INFO 1248 --- [WebChat] [main] my.chat.webchat.WebChatApplication       : No active profile set, falling back to 1 default profile: "default"
2025-05-07T16:15:07.492+03:00  INFO 1248 --- [WebChat] [main] o.s.b.w.embedded.tomcat.TomcatWebServer  : Tomcat initialized with port 8080 (http)
2025-05-07T16:15:07.504+03:00  INFO 1248 --- [WebChat] [main] o.apache.catalina.core.StandardService   : Starting service [Tomcat]
2025-05-07T16:15:07.505+03:00  INFO 1248 --- [WebChat] [main] o.apache.catalina.core.StandardEngine    : Starting Servlet engine: [Apache Tomcat/10.1.39]
2025-05-07T16:15:07.540+03:00  INFO 1248 --- [WebChat] [main] o.a.c.c.C.[Tomcat].[localhost].[/]       : Initializing Spring embedded WebApplicationContext
2025-05-07T16:15:07.540+03:00  INFO 1248 --- [WebChat] [main] w.s.c.ServletWebServerApplicationContext : Root WebApplicationContext: initialization completed in 725 ms
2025-05-07T16:15:07.715+03:00  INFO 1248 --- [WebChat] [main] o.s.b.a.w.s.WelcomePageHandlerMapping    : Adding welcome page template: index
2025-05-07T16:15:07.862+03:00  INFO 1248 --- [WebChat] [main] o.s.m.s.b.SimpleBrokerMessageHandler     : Starting...
2025-05-07T16:15:07.863+03:00  INFO 1248 --- [WebChat] [main] o.s.m.s.b.SimpleBrokerMessageHandler     : BrokerAvailabilityEvent[available=true, SimpleBrokerMessageHandler [org.springframework.messaging.simp.broker.DefaultSubscriptionRegistry@32d418a9]]
2025-05-07T16:15:07.864+03:00  INFO 1248 --- [WebChat] [main] o.s.m.s.b.SimpleBrokerMessageHandler     : Started.
2025-05-07T16:15:07.877+03:00  INFO 1248 --- [WebChat] [main] o.s.b.w.embedded.tomcat.TomcatWebServer  : Tomcat started on port 8080 (http) with context path '/'
2025-05-07T16:15:07.882+03:00  INFO 1248 --- [WebChat] [main] my.chat.webchat.WebChatApplication       : Started WebChatApplication in 1.533 seconds (process running for 2.095)
2025-05-07T16:15:15.721+03:00  INFO 1248 --- [WebChat] [http-nio-8080-exec-1] o.a.c.c.C.[Tomcat].[localhost].[/]       : Initializing Spring DispatcherServlet 'dispatcherServlet'
2025-05-07T16:15:15.722+03:00  INFO 1248 --- [WebChat] [http-nio-8080-exec-1] o.s.web.servlet.DispatcherServlet        : Initializing Servlet 'dispatcherServlet'
2025-05-07T16:15:15.723+03:00  INFO 1248 --- [WebChat] [http-nio-8080-exec-1] o.s.web.servlet.DispatcherServlet        : Completed initialization in 1 ms
2025-05-07T16:15:35.533+03:00  INFO 1248 --- [WebChat] [clientInboundChannel-7] m.c.w.controller.WebSocketController     : Sender Session ID: itwlds3f
2025-05-07T16:15:35.533+03:00  INFO 1248 --- [WebChat] [clientInboundChannel-7] m.c.w.controller.WebSocketController     : Receiver Session ID: ufxawibb
2025-05-07T16:15:35.535+03:00  INFO 1248 --- [WebChat] [clientInboundChannel-7] m.c.w.controller.WebSocketController     : Sending private message from Dilunder to Сергей
2025-05-07T16:15:35.536+03:00  INFO 1248 --- [WebChat] [clientInboundChannel-7] m.c.w.controller.WebSocketController     : Private message sent to receiver session ID: ufxawibb
2025-05-07T16:16:07.875+03:00  INFO 1248 --- [WebChat] [MessageBroker-16] o.s.w.s.c.WebSocketMessageBrokerStats    : WebSocketSession[3 current WS(3)-HttpStream(0)-HttpPoll(0), 3 total, 0 closed abnormally (0 connect failure, 0 send limit, 0 transport error)], stompSubProtocol[processed CONNECT(3)-CONNECTED(3)-DISCONNECT(0)], stompBrokerRelay[null], inboundChannel[pool size = 40, active threads = 0, queued tasks = 0, completed tasks = 48], outboundChannel[pool size = 9, active threads = 0, queued tasks = 0, completed tasks = 9], sockJsScheduler[pool size = 20, active threads = 1, queued tasks = 4, completed tasks = 12]
2025-05-07T16:18:51.388+03:00  INFO 1248 --- [WebChat] [SpringApplicationShutdownHook] o.s.b.w.e.tomcat.GracefulShutdown        : Commencing graceful shutdown. Waiting for active requests to complete
2025-05-07T16:18:51.392+03:00  INFO 1248 --- [WebChat] [tomcat-shutdown] o.s.b.w.e.tomcat.GracefulShutdown        : Graceful shutdown complete
2025-05-07T16:18:51.396+03:00  INFO 1248 --- [WebChat] [SpringApplicationShutdownHook] o.s.m.s.b.SimpleBrokerMessageHandler     : Stopping...
2025-05-07T16:18:51.397+03:00  INFO 1248 --- [WebChat] [SpringApplicationShutdownHook] o.s.m.s.b.SimpleBrokerMessageHandler     : BrokerAvailabilityEvent[available=false, SimpleBrokerMessageHandler [org.springframework.messaging.simp.broker.DefaultSubscriptionRegistry@32d418a9]]
2025-05-07T16:18:51.397+03:00  INFO 1248 --- [WebChat] [SpringApplicationShutdownHook] o.s.m.s.b.SimpleBrokerMessageHandler     : Stopped.
2025-05-07T16:25:38.550+03:00  INFO 33572 --- [WebChat] [main] my.chat.webchat.WebChatApplication       : Starting WebChatApplication using Java 21.0.5 with PID 33572 (C:\Users\setch\IdeaProjects\Stagirovka\WebChat\target\classes started by sechin in C:\Users\setch\IdeaProjects\Stagirovka\WebChat)
2025-05-07T16:25:38.552+03:00 DEBUG 33572 --- [WebChat] [main] my.chat.webchat.WebChatApplication       : Running with Spring Boot v3.4.4, Spring v6.2.5
2025-05-07T16:25:38.553+03:00  INFO 33572 --- [WebChat] [main] my.chat.webchat.WebChatApplication       : No active profile set, falling back to 1 default profile: "default"
2025-05-07T16:25:39.363+03:00  INFO 33572 --- [WebChat] [main] o.s.b.w.embedded.tomcat.TomcatWebServer  : Tomcat initialized with port 8080 (http)
2025-05-07T16:25:39.379+03:00  INFO 33572 --- [WebChat] [main] o.apache.catalina.core.StandardService   : Starting service [Tomcat]
2025-05-07T16:25:39.379+03:00  INFO 33572 --- [WebChat] [main] o.apache.catalina.core.StandardEngine    : Starting Servlet engine: [Apache Tomcat/10.1.39]
2025-05-07T16:25:39.422+03:00  INFO 33572 --- [WebChat] [main] o.a.c.c.C.[Tomcat].[localhost].[/]       : Initializing Spring embedded WebApplicationContext
2025-05-07T16:25:39.422+03:00  INFO 33572 --- [WebChat] [main] w.s.c.ServletWebServerApplicationContext : Root WebApplicationContext: initialization completed in 823 ms
2025-05-07T16:25:39.630+03:00  INFO 33572 --- [WebChat] [main] o.s.b.a.w.s.WelcomePageHandlerMapping    : Adding welcome page template: index
2025-05-07T16:25:39.797+03:00  INFO 33572 --- [WebChat] [main] o.s.m.s.b.SimpleBrokerMessageHandler     : Starting...
2025-05-07T16:25:39.797+03:00  INFO 33572 --- [WebChat] [main] o.s.m.s.b.SimpleBrokerMessageHandler     : BrokerAvailabilityEvent[available=true, SimpleBrokerMessageHandler [org.springframework.messaging.simp.broker.DefaultSubscriptionRegistry@14422d9d]]
2025-05-07T16:25:39.798+03:00  INFO 33572 --- [WebChat] [main] o.s.m.s.b.SimpleBrokerMessageHandler     : Started.
2025-05-07T16:25:39.811+03:00  INFO 33572 --- [WebChat] [main] o.s.b.w.embedded.tomcat.TomcatWebServer  : Tomcat started on port 8080 (http) with context path '/'
2025-05-07T16:25:39.815+03:00  INFO 33572 --- [WebChat] [main] my.chat.webchat.WebChatApplication       : Started WebChatApplication in 1.752 seconds (process running for 2.42)
2025-05-07T16:25:47.083+03:00  INFO 33572 --- [WebChat] [http-nio-8080-exec-1] o.a.c.c.C.[Tomcat].[localhost].[/]       : Initializing Spring DispatcherServlet 'dispatcherServlet'
2025-05-07T16:25:47.083+03:00  INFO 33572 --- [WebChat] [http-nio-8080-exec-1] o.s.web.servlet.DispatcherServlet        : Initializing Servlet 'dispatcherServlet'
2025-05-07T16:25:47.084+03:00  INFO 33572 --- [WebChat] [http-nio-8080-exec-1] o.s.web.servlet.DispatcherServlet        : Completed initialization in 0 ms
2025-05-07T16:26:39.801+03:00  INFO 33572 --- [WebChat] [MessageBroker-13] o.s.w.s.c.WebSocketMessageBrokerStats    : WebSocketSession[3 current WS(3)-HttpStream(0)-HttpPoll(0), 3 total, 0 closed abnormally (0 connect failure, 0 send limit, 0 transport error)], stompSubProtocol[processed CONNECT(3)-CONNECTED(3)-DISCONNECT(0)], stompBrokerRelay[null], inboundChannel[pool size = 40, active threads = 0, queued tasks = 0, completed tasks = 54], outboundChannel[pool size = 15, active threads = 0, queued tasks = 0, completed tasks = 15], sockJsScheduler[pool size = 20, active threads = 1, queued tasks = 4, completed tasks = 12]
2025-05-07T16:28:55.557+03:00  INFO 33572 --- [WebChat] [SpringApplicationShutdownHook] o.s.b.w.e.tomcat.GracefulShutdown        : Commencing graceful shutdown. Waiting for active requests to complete
2025-05-07T16:28:55.564+03:00  INFO 33572 --- [WebChat] [tomcat-shutdown] o.s.b.w.e.tomcat.GracefulShutdown        : Graceful shutdown complete
2025-05-07T16:28:55.571+03:00  INFO 33572 --- [WebChat] [SpringApplicationShutdownHook] o.s.m.s.b.SimpleBrokerMessageHandler     : Stopping...
2025-05-07T16:28:55.571+03:00  INFO 33572 --- [WebChat] [SpringApplicationShutdownHook] o.s.m.s.b.SimpleBrokerMessageHandler     : BrokerAvailabilityEvent[available=false, SimpleBrokerMessageHandler [org.springframework.messaging.simp.broker.DefaultSubscriptionRegistry@14422d9d]]
2025-05-07T16:28:55.571+03:00  INFO 33572 --- [WebChat] [SpringApplicationShutdownHook] o.s.m.s.b.SimpleBrokerMessageHandler     : Stopped.
2025-05-07T16:50:32.723+03:00  INFO 37964 --- [WebChat] [main] my.chat.webchat.WebChatApplication       : Starting WebChatApplication using Java 21.0.5 with PID 37964 (C:\Users\setch\IdeaProjects\Stagirovka\WebChat\target\classes started by sechin in C:\Users\setch\IdeaProjects\Stagirovka\WebChat)
2025-05-07T16:50:32.725+03:00 DEBUG 37964 --- [WebChat] [main] my.chat.webchat.WebChatApplication       : Running with Spring Boot v3.4.4, Spring v6.2.5
2025-05-07T16:50:32.725+03:00  INFO 37964 --- [WebChat] [main] my.chat.webchat.WebChatApplication       : No active profile set, falling back to 1 default profile: "default"
2025-05-07T16:50:33.420+03:00  INFO 37964 --- [WebChat] [main] o.s.b.w.embedded.tomcat.TomcatWebServer  : Tomcat initialized with port 8080 (http)
2025-05-07T16:50:33.431+03:00  INFO 37964 --- [WebChat] [main] o.apache.catalina.core.StandardService   : Starting service [Tomcat]
2025-05-07T16:50:33.431+03:00  INFO 37964 --- [WebChat] [main] o.apache.catalina.core.StandardEngine    : Starting Servlet engine: [Apache Tomcat/10.1.39]
2025-05-07T16:50:33.466+03:00  INFO 37964 --- [WebChat] [main] o.a.c.c.C.[Tomcat].[localhost].[/]       : Initializing Spring embedded WebApplicationContext
2025-05-07T16:50:33.466+03:00  INFO 37964 --- [WebChat] [main] w.s.c.ServletWebServerApplicationContext : Root WebApplicationContext: initialization completed in 701 ms
2025-05-07T16:50:33.630+03:00  INFO 37964 --- [WebChat] [main] o.s.b.a.w.s.WelcomePageHandlerMapping    : Adding welcome page template: index
2025-05-07T16:50:33.777+03:00  INFO 37964 --- [WebChat] [main] o.s.m.s.b.SimpleBrokerMessageHandler     : Starting...
2025-05-07T16:50:33.777+03:00  INFO 37964 --- [WebChat] [main] o.s.m.s.b.SimpleBrokerMessageHandler     : BrokerAvailabilityEvent[available=true, SimpleBrokerMessageHandler [org.springframework.messaging.simp.broker.DefaultSubscriptionRegistry@733c464f]]
2025-05-07T16:50:33.779+03:00  INFO 37964 --- [WebChat] [main] o.s.m.s.b.SimpleBrokerMessageHandler     : Started.
2025-05-07T16:50:33.791+03:00  INFO 37964 --- [WebChat] [main] o.s.b.w.embedded.tomcat.TomcatWebServer  : Tomcat started on port 8080 (http) with context path '/'
2025-05-07T16:50:33.796+03:00  INFO 37964 --- [WebChat] [main] my.chat.webchat.WebChatApplication       : Started WebChatApplication in 1.477 seconds (process running for 2.016)
2025-05-07T16:50:41.580+03:00  INFO 37964 --- [WebChat] [http-nio-8080-exec-1] o.a.c.c.C.[Tomcat].[localhost].[/]       : Initializing Spring DispatcherServlet 'dispatcherServlet'
2025-05-07T16:50:41.580+03:00  INFO 37964 --- [WebChat] [http-nio-8080-exec-1] o.s.web.servlet.DispatcherServlet        : Initializing Servlet 'dispatcherServlet'
2025-05-07T16:50:41.582+03:00  INFO 37964 --- [WebChat] [http-nio-8080-exec-1] o.s.web.servlet.DispatcherServlet        : Completed initialization in 2 ms
2025-05-07T16:51:33.787+03:00  INFO 37964 --- [WebChat] [MessageBroker-14] o.s.w.s.c.WebSocketMessageBrokerStats    : WebSocketSession[3 current WS(3)-HttpStream(0)-HttpPoll(0), 3 total, 0 closed abnormally (0 connect failure, 0 send limit, 0 transport error)], stompSubProtocol[processed CONNECT(3)-CONNECTED(3)-DISCONNECT(0)], stompBrokerRelay[null], inboundChannel[pool size = 40, active threads = 0, queued tasks = 0, completed tasks = 54], outboundChannel[pool size = 17, active threads = 0, queued tasks = 0, completed tasks = 17], sockJsScheduler[pool size = 20, active threads = 1, queued tasks = 4, completed tasks = 10]
2025-05-07T16:54:09.028+03:00  INFO 37964 --- [WebChat] [SpringApplicationShutdownHook] o.s.b.w.e.tomcat.GracefulShutdown        : Commencing graceful shutdown. Waiting for active requests to complete
2025-05-07T16:54:09.037+03:00  INFO 37964 --- [WebChat] [tomcat-shutdown] o.s.b.w.e.tomcat.GracefulShutdown        : Graceful shutdown complete
2025-05-07T16:54:09.043+03:00  INFO 37964 --- [WebChat] [SpringApplicationShutdownHook] o.s.m.s.b.SimpleBrokerMessageHandler     : Stopping...
2025-05-07T16:54:09.043+03:00  INFO 37964 --- [WebChat] [SpringApplicationShutdownHook] o.s.m.s.b.SimpleBrokerMessageHandler     : BrokerAvailabilityEvent[available=false, SimpleBrokerMessageHandler [org.springframework.messaging.simp.broker.DefaultSubscriptionRegistry@733c464f]]
2025-05-07T16:54:09.044+03:00  INFO 37964 --- [WebChat] [SpringApplicationShutdownHook] o.s.m.s.b.SimpleBrokerMessageHandler     : Stopped.
